<?xml version="1.0" encoding="UTF-8"?>
<!-- Generated by org.testng.reporters.JUnitXMLReporter -->
<testsuite hostname="DESKTOP-FUGQNF4" ignored="0" name="Test3" tests="6" failures="0" timestamp="28 Jan 2023 03:16:38 GMT" time="5.391" errors="0">
  <testcase name="@BeforeClass beforeClass" time="5.354" classname="org.parallel.ParallelBrowser2">
    <failure type="java.lang.IllegalStateException" message="The path to the driver executable must be set by the webdriver.edge.driver system property; for more information, see https://github.com/SeleniumHQ/selenium/wiki/MicrosoftWebDriver. The latest version can be downloaded from http://go.microsoft.com/fwlink/?LinkId=619687">
      <![CDATA[java.lang.IllegalStateException: The path to the driver executable must be set by the webdriver.edge.driver system property; for more information, see https://github.com/SeleniumHQ/selenium/wiki/MicrosoftWebDriver. The latest version can be downloaded from http://go.microsoft.com/fwlink/?LinkId=619687
at com.google.common.base.Preconditions.checkState(Preconditions.java:738)
at org.openqa.selenium.remote.service.DriverService.findExecutable(DriverService.java:124)
at org.openqa.selenium.edge.EdgeDriverService.access$000(EdgeDriverService.java:33)
at org.openqa.selenium.edge.EdgeDriverService$Builder.findDefaultExecutable(EdgeDriverService.java:63)
at org.openqa.selenium.remote.service.DriverService$Builder.build(DriverService.java:330)
at org.openqa.selenium.edge.EdgeDriverService.createDefaultService(EdgeDriverService.java:55)
at org.openqa.selenium.edge.EdgeDriver.<init>(EdgeDriver.java:96)
at org.parameter.BaseClass.browserLaunch2(BaseClass.java:71)
at org.parallel.ParallelBrowser2.beforeClass(ParallelBrowser2.java:16)
... Removed 26 stack frames]]>
    </failure>
  </testcase> <!-- @BeforeClass beforeClass -->
  <testcase name="@BeforeMethod beforeMethod" time="0.0" classname="org.parallel.ParallelBrowser2">
    <skipped/>
  </testcase> <!-- @BeforeMethod beforeMethod -->
  <testcase name="@AfterMethod afterMethod" time="0.0" classname="org.parallel.ParallelBrowser2">
    <skipped/>
  </testcase> <!-- @AfterMethod afterMethod -->
  <testcase name="@BeforeMethod beforeMethod" time="0.0" classname="org.parallel.ParallelBrowser2">
    <skipped/>
  </testcase> <!-- @BeforeMethod beforeMethod -->
  <testcase name="@AfterMethod afterMethod" time="0.0" classname="org.parallel.ParallelBrowser2">
    <skipped/>
  </testcase> <!-- @AfterMethod afterMethod -->
  <testcase name="@BeforeMethod beforeMethod" time="0.0" classname="org.parallel.ParallelBrowser2">
    <skipped/>
  </testcase> <!-- @BeforeMethod beforeMethod -->
  <testcase name="@AfterMethod afterMethod" time="0.0" classname="org.parallel.ParallelBrowser2">
    <skipped/>
  </testcase> <!-- @AfterMethod afterMethod -->
  <testcase name="@BeforeMethod beforeMethod" time="0.0" classname="org.parallel.ParallelBrowser2">
    <skipped/>
  </testcase> <!-- @BeforeMethod beforeMethod -->
  <testcase name="@AfterMethod afterMethod" time="0.0" classname="org.parallel.ParallelBrowser2">
    <skipped/>
  </testcase> <!-- @AfterMethod afterMethod -->
  <testcase name="@BeforeMethod beforeMethod" time="0.0" classname="org.parallel.ParallelBrowser2">
    <skipped/>
  </testcase> <!-- @BeforeMethod beforeMethod -->
  <testcase name="@AfterMethod afterMethod" time="0.0" classname="org.parallel.ParallelBrowser2">
    <skipped/>
  </testcase> <!-- @AfterMethod afterMethod -->
  <testcase name="@BeforeMethod beforeMethod" time="0.0" classname="org.parallel.ParallelBrowser2">
    <skipped/>
  </testcase> <!-- @BeforeMethod beforeMethod -->
  <testcase name="@AfterMethod afterMethod" time="0.0" classname="org.parallel.ParallelBrowser2">
    <skipped/>
  </testcase> <!-- @AfterMethod afterMethod -->
  <testcase name="@AfterClass afterClass" time="0.0" classname="org.parallel.ParallelBrowser2">
    <skipped/>
  </testcase> <!-- @AfterClass afterClass -->
  <testcase name="test2" time="0.0" classname="org.parallel.ParallelBrowser2">
    <skipped/>
  </testcase> <!-- test2 -->
  <testcase name="test3" time="0.0" classname="org.parallel.ParallelBrowser2">
    <skipped/>
  </testcase> <!-- test3 -->
  <testcase name="test4" time="0.0" classname="org.parallel.ParallelBrowser2">
    <skipped/>
  </testcase> <!-- test4 -->
  <testcase name="test5" time="0.0" classname="org.parallel.ParallelBrowser2">
    <skipped/>
  </testcase> <!-- test5 -->
  <testcase name="test6" time="0.0" classname="org.parallel.ParallelBrowser2">
    <skipped/>
  </testcase> <!-- test6 -->
  <testcase name="test7" time="0.0" classname="org.parallel.ParallelBrowser2">
    <skipped/>
  </testcase> <!-- test7 -->
</testsuite> <!-- Test3 -->
