<?xml version="1.0" encoding="UTF-8"?>
<!-- Generated by org.testng.reporters.JUnitXMLReporter -->
<testsuite hostname="DESKTOP-FUGQNF4" ignored="0" name="Test2" tests="12" failures="0" timestamp="03 Feb 2023 05:38:04 GMT" time="0.042" errors="0">
  <testcase name="testa2" time="0.002" classname="org.parallel.Alpha"/>
  <testcase name="testA1" time="0.003" classname="org.parallel.Alpha"/>
  <testcase name="testA2" time="0.004" classname="org.parallel.Alpha"/>
  <testcase name="testa1" time="0.006" classname="org.parallel.Alpha"/>
  <testcase name="testB1" time="0.002" classname="org.parallel.Beta"/>
  <testcase name="testB2" time="0.002" classname="org.parallel.Beta"/>
  <testcase name="testb2" time="0.002" classname="org.parallel.Beta"/>
  <testcase name="testG2" time="0.001" classname="org.parallel.Gama"/>
  <testcase name="testb1" time="0.01" classname="org.parallel.Beta"/>
  <testcase name="testg2" time="0.001" classname="org.parallel.Gama"/>
  <testcase name="testg1" time="0.003" classname="org.parallel.Gama"/>
  <testcase name="testG1" time="0.006" classname="org.parallel.Gama"/>
</testsuite> <!-- Test2 -->
