<?xml version="1.0" encoding="UTF-8"?>
<!-- Generated by org.testng.reporters.JUnitXMLReporter -->
<testsuite hostname="DESKTOP-FUGQNF4" ignored="0" name="Test1" tests="12" failures="0" timestamp="03 Feb 2023 05:38:04 GMT" time="0.135" errors="0">
  <testcase name="testb2" time="0.01" classname="org.parallel.Beta"/>
  <testcase name="testG2" time="0.01" classname="org.parallel.Gama"/>
  <testcase name="testa2" time="0.015" classname="org.parallel.Alpha"/>
  <testcase name="testA2" time="0.009" classname="org.parallel.Alpha"/>
  <testcase name="testA1" time="0.019" classname="org.parallel.Alpha"/>
  <testcase name="testg2" time="0.017" classname="org.parallel.Gama"/>
  <testcase name="testa1" time="0.023" classname="org.parallel.Alpha"/>
  <testcase name="testg1" time="0.028" classname="org.parallel.Gama"/>
  <testcase name="testB2" time="0.042" classname="org.parallel.Beta"/>
  <testcase name="testb1" time="0.052" classname="org.parallel.Beta"/>
  <testcase name="testG1" time="0.057" classname="org.parallel.Gama"/>
  <testcase name="testB1" time="0.06" classname="org.parallel.Beta"/>
</testsuite> <!-- Test1 -->
